PHP Warning:  Module 'oci8' already loaded in Unknown on line 0
PHP Warning:  Module 'oci8' already loaded in Unknown on line 0
Insert SuccessPHP Warning:  Module 'oci8' already loaded in Unknown on line 0
PHP Warning:  Module 'oci8' already loaded in Unknown on line 0
Insert SuccessInsert SuccessInsert SuccessInsert SuccessInsert SuccessInsert SuccessInsert SuccessInsert SuccessInsert SuccessInsert SuccessInsert SuccessInsert SuccessInsert SuccessInsert SuccessInsert SuccessInsert SuccessInsert SuccessInsert SuccessInsert SuccessInsert SuccessInsert SuccessInsert SuccessInsert SuccessInsert SuccessInsert SuccessInsert SuccessInsert SuccessInsert SuccessInsert SuccessInsert SuccessInsert SuccessInsert SuccessInsert SuccessInsert SuccessInsert SuccessInsert SuccessInsert SuccessInsert SuccessInsert SuccessInsert SuccessInsert SuccessInsert SuccessInsert SuccessInsert SuccessInsert SuccessInsert SuccessInsert SuccessInsert SuccessInsert SuccessInsert SuccessInsert SuccessInsert SuccessInsert SuccessInsert SuccessInsert SuccessInsert SuccessInsert SuccessInsert SuccessInsert SuccessInsert SuccessInsert SuccessInsert SuccessInsert SuccessInsert SuccessInsert SuccessInsert SuccessInsert SuccessInsert SuccessInsert SuccessInsert SuccessInsert SuccessInsert SuccessInsert SuccessInsert SuccessInsert SuccessInsert SuccessInsert SuccessInsert SuccessInsert SuccessInsert SuccessInsert SuccessInsert SuccessInsert SuccessInsert SuccessInsert SuccessInsert SuccessInsert SuccessInsert SuccessInsert SuccessInsert SuccessInsert SuccessInsert SuccessInsert SuccessInsert SuccessInsert SuccessInsert SuccessInsert SuccessInsert SuccessInsert SuccessInsert SuccessInsert SuccessInsert SuccessInsert SuccessInsert SuccessInsert SuccessInsert SuccessInsert SuccessInsert SuccessInsert SuccessInsert SuccessInsert SuccessInsert SuccessInsert SuccessInsert SuccessInsert SuccessInsert SuccessInsert SuccessInsert SuccessInsert SuccessInsert SuccessInsert SuccessInsert SuccessInsert SuccessInsert SuccessInsert SuccessInsert SuccessInsert SuccessInsert SuccessInsert SuccessInsert SuccessInsert SuccessInsert SuccessInsert SuccessInsert SuccessInsert SuccessInsert SuccessInsert SuccessInsert SuccessInsert SuccessInsert SuccessInsert SuccessInsert SuccessInsert SuccessInsert SuccessInsert SuccessInsert SuccessInsert SuccessInsert SuccessInsert SuccessInsert SuccessInsert SuccessInsert SuccessInsert SuccessInsert SuccessInsert SuccessInsert SuccessInsert SuccessInsert SuccessInsert SuccessInsert SuccessInsert SuccessInsert SuccessInsert SuccessInsert SuccessInsert SuccessInsert SuccessInsert SuccessInsert SuccessInsert SuccessInsert SuccessInsert SuccessInsert SuccessInsert SuccessInsert SuccessInsert SuccessInsert SuccessInsert SuccessInsert SuccessInsert SuccessInsert SuccessInsert SuccessInsert SuccessInsert SuccessInsert SuccessInsert SuccessInsert SuccessInsert SuccessInsert SuccessInsert SuccessInsert SuccessInsert SuccessInsert SuccessInsert SuccessInsert SuccessInsert SuccessInsert SuccessInsert SuccessInsert SuccessInsert SuccessInsert SuccessInsert SuccessInsert SuccessInsert SuccessInsert SuccessInsert SuccessInsert SuccessInsert SuccessInsert SuccessInsert SuccessInsert SuccessInsert SuccessInsert SuccessInsert SuccessInsert SuccessInsert SuccessInsert SuccessInsert SuccessInsert SuccessInsert SuccessInsert SuccessInsert SuccessInsert SuccessInsert SuccessInsert SuccessInsert SuccessInsert SuccessInsert SuccessInsert SuccessInsert SuccessInsert SuccessInsert SuccessInsert SuccessInsert SuccessInsert SuccessInsert SuccessInsert SuccessInsert SuccessInsert SuccessInsert SuccessInsert SuccessInsert SuccessInsert SuccessInsert SuccessInsert SuccessInsert SuccessInsert SuccessInsert SuccessInsert SuccessInsert SuccessInsert SuccessInsert SuccessInsert SuccessInsert SuccessInsert SuccessInsert SuccessInsert SuccessInsert SuccessInsert SuccessInsert SuccessInsert SuccessInsert SuccessInsert SuccessInsert SuccessInsert SuccessInsert SuccessInsert SuccessInsert SuccessInsert SuccessInsert SuccessInsert SuccessInsert SuccessInsert SuccessInsert SuccessInsert SuccessInsert SuccessInsert SuccessInsert SuccessInsert SuccessInsert SuccessInsert SuccessInsert SuccessInsert SuccessInsert SuccessInsert SuccessInsert SuccessInsert SuccessInsert SuccessInsert SuccessInsert SuccessInsert SuccessInsert SuccessInsert SuccessInsert SuccessInsert SuccessInsert SuccessInsert SuccessInsert SuccessInsert SuccessInsert SuccessInsert SuccessInsert SuccessInsert SuccessInsert SuccessInsert SuccessInsert SuccessInsert SuccessInsert SuccessInsert SuccessInsert SuccessInsert SuccessInsert SuccessInsert SuccessInsert SuccessInsert SuccessInsert SuccessInsert SuccessInsert SuccessInsert SuccessInsert SuccessInsert SuccessInsert SuccessInsert SuccessInsert SuccessInsert SuccessInsert SuccessInsert SuccessInsert SuccessInsert SuccessInsert SuccessInsert SuccessInsert SuccessInsert SuccessInsert SuccessInsert SuccessInsert SuccessInsert SuccessInsert SuccessInsert SuccessInsert SuccessInsert SuccessInsert SuccessInsert SuccessInsert SuccessInsert SuccessInsert SuccessInsert SuccessInsert SuccessInsert SuccessInsert SuccessInsert SuccessInsert SuccessInsert SuccessInsert SuccessInsert SuccessInsert SuccessInsert SuccessInsert SuccessInsert SuccessInsert SuccessInsert SuccessInsert SuccessInsert SuccessInsert SuccessInsert SuccessInsert SuccessInsert SuccessInsert SuccessInsert SuccessInsert SuccessInsert SuccessInsert SuccessInsert SuccessInsert SuccessInsert SuccessInsert SuccessInsert SuccessInsert SuccessInsert SuccessInsert SuccessInsert SuccessInsert SuccessInsert SuccessInsert SuccessInsert SuccessInsert SuccessInsert SuccessInsert SuccessInsert SuccessInsert SuccessInsert SuccessInsert SuccessInsert SuccessInsert SuccessInsert SuccessInsert SuccessInsert SuccessInsert SuccessInsert SuccessInsert SuccessInsert SuccessInsert SuccessInsert SuccessInsert SuccessInsert SuccessInsert SuccessInsert SuccessInsert SuccessInsert SuccessInsert SuccessInsert SuccessInsert SuccessInsert SuccessInsert SuccessInsert SuccessInsert SuccessInsert SuccessInsert SuccessInsert SuccessInsert SuccessInsert SuccessInsert SuccessInsert SuccessInsert SuccessInsert SuccessInsert SuccessInsert SuccessInsert SuccessInsert SuccessInsert SuccessInsert SuccessInsert SuccessInsert SuccessInsert SuccessInsert SuccessInsert SuccessInsert SuccessInsert SuccessInsert SuccessInsert SuccessInsert SuccessInsert SuccessInsert SuccessInsert SuccessInsert SuccessInsert SuccessInsert SuccessInsert SuccessInsert SuccessInsert SuccessInsert SuccessInsert SuccessInsert SuccessInsert SuccessInsert SuccessInsert SuccessInsert SuccessInsert SuccessInsert SuccessInsert SuccessInsert SuccessInsert SuccessInsert SuccessInsert SuccessInsert SuccessInsert SuccessInsert SuccessInsert SuccessInsert SuccessInsert SuccessInsert SuccessInsert SuccessInsert SuccessInsert SuccessInsert SuccessInsert SuccessInsert SuccessInsert SuccessInsert SuccessInsert SuccessInsert SuccessInsert SuccessInsert SuccessInsert SuccessInsert SuccessInsert SuccessInsert SuccessInsert SuccessInsert SuccessInsert SuccessInsert SuccessInsert SuccessInsert SuccessInsert SuccessInsert SuccessInsert SuccessInsert SuccessInsert SuccessInsert SuccessInsert SuccessInsert SuccessInsert SuccessInsert SuccessInsert SuccessInsert SuccessInsert SuccessInsert SuccessInsert SuccessInsert SuccessInsert SuccessInsert SuccessInsert SuccessInsert SuccessInsert SuccessInsert SuccessInsert SuccessInsert SuccessInsert SuccessInsert SuccessInsert SuccessInsert SuccessInsert SuccessInsert SuccessInsert SuccessInsert SuccessInsert SuccessInsert SuccessInsert SuccessInsert SuccessInsert SuccessInsert SuccessInsert SuccessInsert SuccessInsert SuccessInsert SuccessInsert SuccessInsert SuccessInsert SuccessInsert SuccessInsert SuccessInsert SuccessInsert SuccessInsert SuccessInsert SuccessInsert SuccessInsert SuccessInsert SuccessInsert SuccessInsert SuccessInsert SuccessInsert SuccessInsert SuccessInsert SuccessInsert SuccessInsert SuccessInsert SuccessInsert SuccessInsert SuccessInsert SuccessInsert SuccessInsert SuccessInsert SuccessInsert SuccessInsert SuccessInsert SuccessInsert SuccessInsert SuccessInsert SuccessInsert SuccessInsert SuccessInsert SuccessInsert SuccessInsert SuccessInsert SuccessInsert SuccessInsert SuccessInsert SuccessInsert SuccessInsert SuccessInsert SuccessInsert SuccessInsert SuccessInsert SuccessInsert SuccessInsert SuccessInsert SuccessInsert SuccessInsert SuccessInsert SuccessInsert SuccessInsert SuccessInsert SuccessInsert SuccessInsert SuccessInsert SuccessInsert SuccessInsert SuccessInsert SuccessInsert SuccessInsert SuccessInsert SuccessInsert SuccessInsert SuccessInsert SuccessInsert SuccessInsert SuccessInsert SuccessInsert SuccessInsert SuccessInsert SuccessInsert SuccessInsert SuccessInsert SuccessInsert SuccessInsert SuccessInsert SuccessInsert SuccessInsert SuccessInsert SuccessInsert SuccessInsert SuccessInsert SuccessInsert SuccessInsert SuccessInsert SuccessInsert SuccessInsert SuccessInsert SuccessInsert SuccessInsert SuccessInsert SuccessInsert SuccessInsert SuccessInsert SuccessInsert SuccessInsert SuccessInsert SuccessInsert SuccessInsert SuccessInsert SuccessInsert SuccessInsert SuccessInsert SuccessInsert SuccessInsert SuccessInsert SuccessInsert SuccessInsert SuccessInsert SuccessInsert SuccessInsert SuccessInsert SuccessInsert SuccessInsert SuccessInsert SuccessInsert SuccessInsert SuccessInsert SuccessInsert SuccessInsert SuccessInsert SuccessInsert SuccessInsert SuccessInsert SuccessInsert SuccessInsert SuccessInsert SuccessInsert SuccessInsert SuccessInsert SuccessInsert SuccessInsert SuccessInsert SuccessInsert SuccessInsert SuccessInsert SuccessInsert SuccessInsert SuccessInsert SuccessInsert SuccessInsert SuccessInsert SuccessInsert SuccessInsert SuccessInsert SuccessInsert SuccessInsert SuccessInsert SuccessInsert SuccessInsert SuccessInsert SuccessInsert SuccessInsert SuccessInsert SuccessInsert SuccessInsert SuccessInsert SuccessInsert SuccessInsert SuccessInsert SuccessInsert SuccessInsert SuccessInsert SuccessInsert SuccessInsert SuccessInsert SuccessInsert SuccessInsert SuccessInsert SuccessInsert SuccessInsert SuccessInsert SuccessInsert SuccessInsert SuccessInsert SuccessInsert SuccessInsert SuccessInsert SuccessInsert SuccessInsert SuccessInsert SuccessInsert SuccessInsert SuccessInsert SuccessInsert SuccessInsert SuccessInsert SuccessInsert SuccessInsert SuccessInsert SuccessInsert SuccessInsert SuccessInsert SuccessInsert SuccessInsert SuccessInsert SuccessInsert SuccessInsert SuccessInsert SuccessInsert SuccessInsert SuccessInsert SuccessInsert SuccessInsert SuccessInsert SuccessInsert SuccessInsert SuccessInsert SuccessInsert SuccessInsert SuccessInsert SuccessInsert SuccessInsert SuccessInsert SuccessInsert SuccessInsert SuccessInsert SuccessInsert SuccessInsert SuccessInsert SuccessInsert SuccessInsert SuccessInsert SuccessInsert SuccessInsert SuccessInsert SuccessInsert SuccessInsert SuccessInsert SuccessInsert SuccessInsert SuccessInsert SuccessPHP Warning:  Module 'oci8' already loaded in Unknown on line 0
PHP Warning:  Module 'oci8' already loaded in Unknown on line 0

                                                                 
  Command "Kafka:RUN_INS_MSA_AUTH_TM_USER_AUTH" is not defined.  
                                                                 
  Did you mean one of these?                                     
      Kafka:INS_MSA_EBCCVAL_TR_EBCC_VALIDATION_D                 
      Kafka:INS_MSA_EBCCVAL_TR_EBCC_VALIDATION_H                 
                                                                 

PHP Warning:  Module 'oci8' already loaded in Unknown on line 0
PHP Warning:  Module 'oci8' already loaded in Unknown on line 0

                                                                 
  Command "Kafka:RUN_INS_MSA_AUTH_TM_USER_AUTH" is not defined.  
                                                                 
  Did you mean one of these?                                     
      Kafka:INS_MSA_EBCCVAL_TR_EBCC_VALIDATION_D                 
      Kafka:INS_MSA_EBCCVAL_TR_EBCC_VALIDATION_H                 
                                                                 

PHP Warning:  Module 'oci8' already loaded in Unknown on line 0
PHP Warning:  Module 'oci8' already loaded in Unknown on line 0

                                                                 
  Command "Kafka:RUN_INS_MSA_AUTH_TM_USER_AUTH" is not defined.  
                                                                 
  Did you mean one of these?                                     
      Kafka:INS_MSA_AUTH_TM_USER_AUTH                            
      Kafka:INS_MSA_EBCCVAL_TR_EBCC_VALIDATION_D                 
      Kafka:INS_MSA_EBCCVAL_TR_EBCC_VALIDATION_H                 
                                                                 

PHP Warning:  Module 'oci8' already loaded in Unknown on line 0
PHP Warning:  Module 'oci8' already loaded in Unknown on line 0
Insert SuccessInsert SuccessInsert SuccessInsert SuccessInsert SuccessInsert SuccessInsert SuccessInsert SuccessInsert SuccessInsert SuccessInsert SuccessInsert SuccessInsert SuccessInsert SuccessInsert SuccessInsert SuccessInsert SuccessInsert SuccessInsert SuccessInsert SuccessInsert SuccessInsert SuccessInsert SuccessInsert SuccessInsert SuccessInsert SuccessInsert SuccessInsert SuccessInsert SuccessInsert SuccessInsert SuccessInsert Failde: Error Code    : 1
Error Message : ORA-00001: unique constraint (MOBILE_INSPECTION.TM_USER_AUTH_PK) violated
Position      : 0
Statement     : INSERT INTO 
				MOBILE_INSPECTION.TM_USER_AUTH (
					USER_AUTH_CODE,
					EMPLOYEE_NIK,
					USER_ROLE,
					LOCATION_CODE,
					REF_ROLE,
					INSERT_USER,
					INSERT_TIME,
					UPDATE_USER,
					UPDATE_TIME,
					DELETE_USER,
					DELETE_TIME
				) 
			VALUES (
				'TAC001024',
				'B1122354',
				'KEPALA_KEBUN',
				'4121B',
				'BA-CODE',
				null,
				null,
				null,
				null,
				null,
				null
		)
Bindings      : []
 (SQL: INSERT INTO 
				MOBILE_INSPECTION.TM_USER_AUTH (
					USER_AUTH_CODE,
					EMPLOYEE_NIK,
					USER_ROLE,
					LOCATION_CODE,
					REF_ROLE,
					INSERT_USER,
					INSERT_TIME,
					UPDATE_USER,
					UPDATE_TIME,
					DELETE_USER,
					DELETE_TIME
				) 
			VALUES (
				'TAC001024',
				'B1122354',
				'KEPALA_KEBUN',
				'4121B',
				'BA-CODE',
				null,
				null,
				null,
				null,
				null,
				null
		))Insert SuccessInsert SuccessInsert SuccessInsert SuccessInsert SuccessInsert SuccessInsert SuccessInsert SuccessInsert SuccessInsert SuccessInsert SuccessInsert SuccessInsert SuccessInsert SuccessInsert SuccessInsert SuccessInsert SuccessInsert SuccessInsert SuccessInsert SuccessInsert SuccessInsert SuccessInsert SuccessInsert SuccessInsert SuccessInsert SuccessInsert SuccessInsert SuccessInsert SuccessInsert SuccessInsert SuccessInsert SuccessInsert Failde: Error Code    : 1
Error Message : ORA-00001: unique constraint (MOBILE_INSPECTION.TM_USER_AUTH_PK) violated
Position      : 0
Statement     : INSERT INTO 
				MOBILE_INSPECTION.TM_USER_AUTH (
					USER_AUTH_CODE,
					EMPLOYEE_NIK,
					USER_ROLE,
					LOCATION_CODE,
					REF_ROLE,
					INSERT_USER,
					INSERT_TIME,
					UPDATE_USER,
					UPDATE_TIME,
					DELETE_USER,
					DELETE_TIME
				) 
			VALUES (
				'TAC001063',
				'B1122393',
				'EM',
				'41',
				'COMP_CODE',
				null,
				null,
				null,
				null,
				null,
				null
		)
Bindings      : []
 (SQL: INSERT INTO 
				MOBILE_INSPECTION.TM_USER_AUTH (
					USER_AUTH_CODE,
					EMPLOYEE_NIK,
					USER_ROLE,
					LOCATION_CODE,
					REF_ROLE,
					INSERT_USER,
					INSERT_TIME,
					UPDATE_USER,
					UPDATE_TIME,
					DELETE_USER,
					DELETE_TIME
				) 
			VALUES (
				'TAC001063',
				'B1122393',
				'EM',
				'41',
				'COMP_CODE',
				null,
				null,
				null,
				null,
				null,
				null
		))Insert SuccessInsert Failde: Error Code    : 1
Error Message : ORA-00001: unique constraint (MOBILE_INSPECTION.TM_USER_AUTH_PK) violated
Position      : 0
Statement     : INSERT INTO 
				MOBILE_INSPECTION.TM_USER_AUTH (
					USER_AUTH_CODE,
					EMPLOYEE_NIK,
					USER_ROLE,
					LOCATION_CODE,
					REF_ROLE,
					INSERT_USER,
					INSERT_TIME,
					UPDATE_USER,
					UPDATE_TIME,
					DELETE_USER,
					DELETE_TIME
				) 
			VALUES (
				'TAC001059',
				'B1122389',
				'KEPALA_KEBUN',
				'4121H',
				'BA-CODE',
				null,
				null,
				null,
				null,
				null,
				null
		)
Bindings      : []
 (SQL: INSERT INTO 
				MOBILE_INSPECTION.TM_USER_AUTH (
					USER_AUTH_CODE,
					EMPLOYEE_NIK,
					USER_ROLE,
					LOCATION_CODE,
					REF_ROLE,
					INSERT_USER,
					INSERT_TIME,
					UPDATE_USER,
					UPDATE_TIME,
					DELETE_USER,
					DELETE_TIME
				) 
			VALUES (
				'TAC001059',
				'B1122389',
				'KEPALA_KEBUN',
				'4121H',
				'BA-CODE',
				null,
				null,
				null,
				null,
				null,
				null
		))Insert Failde: Error Code    : 1
Error Message : ORA-00001: unique constraint (MOBILE_INSPECTION.TM_USER_AUTH_PK) violated
Position      : 0
Statement     : INSERT INTO 
				MOBILE_INSPECTION.TM_USER_AUTH (
					USER_AUTH_CODE,
					EMPLOYEE_NIK,
					USER_ROLE,
					LOCATION_CODE,
					REF_ROLE,
					INSERT_USER,
					INSERT_TIME,
					UPDATE_USER,
					UPDATE_TIME,
					DELETE_USER,
					DELETE_TIME
				) 
			VALUES (
				'TAC001061',
				'B1122391',
				'ASISTEN_LAPANGAN',
				'4121A',
				'AFD_CODE',
				null,
				null,
				null,
				null,
				null,
				null
		)
Bindings      : []
 (SQL: INSERT INTO 
				MOBILE_INSPECTION.TM_USER_AUTH (
					USER_AUTH_CODE,
					EMPLOYEE_NIK,
					USER_ROLE,
					LOCATION_CODE,
					REF_ROLE,
					INSERT_USER,
					INSERT_TIME,
					UPDATE_USER,
					UPDATE_TIME,
					DELETE_USER,
					DELETE_TIME
				) 
			VALUES (
				'TAC001061',
				'B1122391',
				'ASISTEN_LAPANGAN',
				'4121A',
				'AFD_CODE',
				null,
				null,
				null,
				null,
				null,
				null
		))Insert SuccessInsert Failde: Error Code    : 1
Error Message : ORA-00001: unique constraint (MOBILE_INSPECTION.TM_USER_AUTH_PK) violated
Position      : 0
Statement     : INSERT INTO 
				MOBILE_INSPECTION.TM_USER_AUTH (
					USER_AUTH_CODE,
					EMPLOYEE_NIK,
					USER_ROLE,
					LOCATION_CODE,
					REF_ROLE,
					INSERT_USER,
					INSERT_TIME,
					UPDATE_USER,
					UPDATE_TIME,
					DELETE_USER,
					DELETE_TIME
				) 
			VALUES (
				'TAC001060',
				'B1122390',
				'ASISTEN_LAPANGAN',
				'4121H,4121A',
				'AFD_CODE',
				null,
				null,
				null,
				null,
				null,
				null
		)
Bindings      : []
 (SQL: INSERT INTO 
				MOBILE_INSPECTION.TM_USER_AUTH (
					USER_AUTH_CODE,
					EMPLOYEE_NIK,
					USER_ROLE,
					LOCATION_CODE,
					REF_ROLE,
					INSERT_USER,
					INSERT_TIME,
					UPDATE_USER,
					UPDATE_TIME,
					DELETE_USER,
					DELETE_TIME
				) 
			VALUES (
				'TAC001060',
				'B1122390',
				'ASISTEN_LAPANGAN',
				'4121H,4121A',
				'AFD_CODE',
				null,
				null,
				null,
				null,
				null,
				null
		))Insert SuccessInsert Failde: Error Code    : 1
Error Message : ORA-00001: unique constraint (MOBILE_INSPECTION.TM_USER_AUTH_PK) violated
Position      : 0
Statement     : INSERT INTO 
				MOBILE_INSPECTION.TM_USER_AUTH (
					USER_AUTH_CODE,
					EMPLOYEE_NIK,
					USER_ROLE,
					LOCATION_CODE,
					REF_ROLE,
					INSERT_USER,
					INSERT_TIME,
					UPDATE_USER,
					UPDATE_TIME,
					DELETE_USER,
					DELETE_TIME
				) 
			VALUES (
				'TAC001074',
				'B1122404',
				'KEPALA_KEBUN',
				'4121',
				'BA-CODE',
				null,
				null,
				null,
				null,
				null,
				null
		)
Bindings      : []
 (SQL: INSERT INTO 
				MOBILE_INSPECTION.TM_USER_AUTH (
					USER_AUTH_CODE,
					EMPLOYEE_NIK,
					USER_ROLE,
					LOCATION_CODE,
					REF_ROLE,
					INSERT_USER,
					INSERT_TIME,
					UPDATE_USER,
					UPDATE_TIME,
					DELETE_USER,
					DELETE_TIME
				) 
			VALUES (
				'TAC001074',
				'B1122404',
				'KEPALA_KEBUN',
				'4121',
				'BA-CODE',
				null,
				null,
				null,
				null,
				null,
				null
		))Insert SuccessInsert Failde: Error Code    : 1
Error Message : ORA-00001: unique constraint (MOBILE_INSPECTION.TM_USER_AUTH_PK) violated
Position      : 0
Statement     : INSERT INTO 
				MOBILE_INSPECTION.TM_USER_AUTH (
					USER_AUTH_CODE,
					EMPLOYEE_NIK,
					USER_ROLE,
					LOCATION_CODE,
					REF_ROLE,
					INSERT_USER,
					INSERT_TIME,
					UPDATE_USER,
					UPDATE_TIME,
					DELETE_USER,
					DELETE_TIME
				) 
			VALUES (
				'TAC001065',
				'B1122395',
				'KEPALA_KEBUN',
				'4123Q,4123T,4123Y',
				'AFD_CODE',
				null,
				null,
				null,
				null,
				null,
				null
		)
Bindings      : []
 (SQL: INSERT INTO 
				MOBILE_INSPECTION.TM_USER_AUTH (
					USER_AUTH_CODE,
					EMPLOYEE_NIK,
					USER_ROLE,
					LOCATION_CODE,
					REF_ROLE,
					INSERT_USER,
					INSERT_TIME,
					UPDATE_USER,
					UPDATE_TIME,
					DELETE_USER,
					DELETE_TIME
				) 
			VALUES (
				'TAC001065',
				'B1122395',
				'KEPALA_KEBUN',
				'4123Q,4123T,4123Y',
				'AFD_CODE',
				null,
				null,
				null,
				null,
				null,
				null
		))Insert SuccessInsert Failde: Error Code    : 1
Error Message : ORA-00001: unique constraint (MOBILE_INSPECTION.TM_USER_AUTH_PK) violated
Position      : 0
Statement     : INSERT INTO 
				MOBILE_INSPECTION.TM_USER_AUTH (
					USER_AUTH_CODE,
					EMPLOYEE_NIK,
					USER_ROLE,
					LOCATION_CODE,
					REF_ROLE,
					INSERT_USER,
					INSERT_TIME,
					UPDATE_USER,
					UPDATE_TIME,
					DELETE_USER,
					DELETE_TIME
				) 
			VALUES (
				'TAC001070',
				'B1122400',
				'SEM_GM',
				'41,42',
				'COMP_CODE',
				null,
				null,
				null,
				null,
				null,
				null
		)
Bindings      : []
 (SQL: INSERT INTO 
				MOBILE_INSPECTION.TM_USER_AUTH (
					USER_AUTH_CODE,
					EMPLOYEE_NIK,
					USER_ROLE,
					LOCATION_CODE,
					REF_ROLE,
					INSERT_USER,
					INSERT_TIME,
					UPDATE_USER,
					UPDATE_TIME,
					DELETE_USER,
					DELETE_TIME
				) 
			VALUES (
				'TAC001070',
				'B1122400',
				'SEM_GM',
				'41,42',
				'COMP_CODE',
				null,
				null,
				null,
				null,
				null,
				null
		))Insert SuccessInsert Failde: Error Code    : 1
Error Message : ORA-00001: unique constraint (MOBILE_INSPECTION.TM_USER_AUTH_PK) violated
Position      : 0
Statement     : INSERT INTO 
				MOBILE_INSPECTION.TM_USER_AUTH (
					USER_AUTH_CODE,
					EMPLOYEE_NIK,
					USER_ROLE,
					LOCATION_CODE,
					REF_ROLE,
					INSERT_USER,
					INSERT_TIME,
					UPDATE_USER,
					UPDATE_TIME,
					DELETE_USER,
					DELETE_TIME
				) 
			VALUES (
				'TAC001071',
				'B1122401',
				'KEPALA_KEBUN',
				'4121',
				'BA_CODE',
				null,
				null,
				null,
				null,
				null,
				null
		)
Bindings      : []
 (SQL: INSERT INTO 
				MOBILE_INSPECTION.TM_USER_AUTH (
					USER_AUTH_CODE,
					EMPLOYEE_NIK,
					USER_ROLE,
					LOCATION_CODE,
					REF_ROLE,
					INSERT_USER,
					INSERT_TIME,
					UPDATE_USER,
					UPDATE_TIME,
					DELETE_USER,
					DELETE_TIME
				) 
			VALUES (
				'TAC001071',
				'B1122401',
				'KEPALA_KEBUN',
				'4121',
				'BA_CODE',
				null,
				null,
				null,
				null,
				null,
				null
		))Insert Failde: Error Code    : 1
Error Message : ORA-00001: unique constraint (MOBILE_INSPECTION.TM_USER_AUTH_PK) violated
Position      : 0
Statement     : INSERT INTO 
				MOBILE_INSPECTION.TM_USER_AUTH (
					USER_AUTH_CODE,
					EMPLOYEE_NIK,
					USER_ROLE,
					LOCATION_CODE,
					REF_ROLE,
					INSERT_USER,
					INSERT_TIME,
					UPDATE_USER,
					UPDATE_TIME,
					DELETE_USER,
					DELETE_TIME
				) 
			VALUES (
				'TAC001067',
				'B1122397',
				'KEPALA_KEBUN',
				'4121J',
				'BA-CODE',
				null,
				null,
				null,
				null,
				null,
				null
		)
Bindings      : []
 (SQL: INSERT INTO 
				MOBILE_INSPECTION.TM_USER_AUTH (
					USER_AUTH_CODE,
					EMPLOYEE_NIK,
					USER_ROLE,
					LOCATION_CODE,
					REF_ROLE,
					INSERT_USER,
					INSERT_TIME,
					UPDATE_USER,
					UPDATE_TIME,
					DELETE_USER,
					DELETE_TIME
				) 
			VALUES (
				'TAC001067',
				'B1122397',
				'KEPALA_KEBUN',
				'4121J',
				'BA-CODE',
				null,
				null,
				null,
				null,
				null,
				null
		))Insert SuccessInsert SuccessInsert SuccessInsert Failde: Error Code    : 1
Error Message : ORA-00001: unique constraint (MOBILE_INSPECTION.TM_USER_AUTH_PK) violated
Position      : 0
Statement     : INSERT INTO 
				MOBILE_INSPECTION.TM_USER_AUTH (
					USER_AUTH_CODE,
					EMPLOYEE_NIK,
					USER_ROLE,
					LOCATION_CODE,
					REF_ROLE,
					INSERT_USER,
					INSERT_TIME,
					UPDATE_USER,
					UPDATE_TIME,
					DELETE_USER,
					DELETE_TIME
				) 
			VALUES (
				'TAC001085',
				'B1122415',
				'KEPALA_KEBUN',
				'4121',
				'BA-CODE',
				null,
				null,
				null,
				null,
				null,
				null
		)
Bindings      : []
 (SQL: INSERT INTO 
				MOBILE_INSPECTION.TM_USER_AUTH (
					USER_AUTH_CODE,
					EMPLOYEE_NIK,
					USER_ROLE,
					LOCATION_CODE,
					REF_ROLE,
					INSERT_USER,
					INSERT_TIME,
					UPDATE_USER,
					UPDATE_TIME,
					DELETE_USER,
					DELETE_TIME
				) 
			VALUES (
				'TAC001085',
				'B1122415',
				'KEPALA_KEBUN',
				'4121',
				'BA-CODE',
				null,
				null,
				null,
				null,
				null,
				null
		))Insert SuccessInsert Failde: Error Code    : 1
Error Message : ORA-00001: unique constraint (MOBILE_INSPECTION.TM_USER_AUTH_PK) violated
Position      : 0
Statement     : INSERT INTO 
				MOBILE_INSPECTION.TM_USER_AUTH (
					USER_AUTH_CODE,
					EMPLOYEE_NIK,
					USER_ROLE,
					LOCATION_CODE,
					REF_ROLE,
					INSERT_USER,
					INSERT_TIME,
					UPDATE_USER,
					UPDATE_TIME,
					DELETE_USER,
					DELETE_TIME
				) 
			VALUES (
				'TAC001052',
				'B1122382',
				'KEPALA_KEBUN',
				'4121E',
				'BA-CODE',
				null,
				null,
				null,
				null,
				null,
				null
		)
Bindings      : []
 (SQL: INSERT INTO 
				MOBILE_INSPECTION.TM_USER_AUTH (
					USER_AUTH_CODE,
					EMPLOYEE_NIK,
					USER_ROLE,
					LOCATION_CODE,
					REF_ROLE,
					INSERT_USER,
					INSERT_TIME,
					UPDATE_USER,
					UPDATE_TIME,
					DELETE_USER,
					DELETE_TIME
				) 
			VALUES (
				'TAC001052',
				'B1122382',
				'KEPALA_KEBUN',
				'4121E',
				'BA-CODE',
				null,
				null,
				null,
				null,
				null,
				null
		))Insert SuccessInsert SuccessInsert Failde: Error Code    : 1
Error Message : ORA-00001: unique constraint (MOBILE_INSPECTION.TM_USER_AUTH_PK) violated
Position      : 0
Statement     : INSERT INTO 
				MOBILE_INSPECTION.TM_USER_AUTH (
					USER_AUTH_CODE,
					EMPLOYEE_NIK,
					USER_ROLE,
					LOCATION_CODE,
					REF_ROLE,
					INSERT_USER,
					INSERT_TIME,
					UPDATE_USER,
					UPDATE_TIME,
					DELETE_USER,
					DELETE_TIME
				) 
			VALUES (
				'TAC001079',
				'B1122409',
				'KEPALA_KEBUN',
				'4121',
				'BA-CODE',
				null,
				null,
				null,
				null,
				null,
				null
		)
Bindings      : []
 (SQL: INSERT INTO 
				MOBILE_INSPECTION.TM_USER_AUTH (
					USER_AUTH_CODE,
					EMPLOYEE_NIK,
					USER_ROLE,
					LOCATION_CODE,
					REF_ROLE,
					INSERT_USER,
					INSERT_TIME,
					UPDATE_USER,
					UPDATE_TIME,
					DELETE_USER,
					DELETE_TIME
				) 
			VALUES (
				'TAC001079',
				'B1122409',
				'KEPALA_KEBUN',
				'4121',
				'BA-CODE',
				null,
				null,
				null,
				null,
				null,
				null
		))Insert SuccessInsert Failde: Error Code    : 1
Error Message : ORA-00001: unique constraint (MOBILE_INSPECTION.TM_USER_AUTH_PK) violated
Position      : 0
Statement     : INSERT INTO 
				MOBILE_INSPECTION.TM_USER_AUTH (
					USER_AUTH_CODE,
					EMPLOYEE_NIK,
					USER_ROLE,
					LOCATION_CODE,
					REF_ROLE,
					INSERT_USER,
					INSERT_TIME,
					UPDATE_USER,
					UPDATE_TIME,
					DELETE_USER,
					DELETE_TIME
				) 
			VALUES (
				'TAC001080',
				'B1122410',
				'KEPALA_KEBUN',
				'4121',
				'BA-CODE',
				null,
				null,
				null,
				null,
				null,
				null
		)
Bindings      : []
 (SQL: INSERT INTO 
				MOBILE_INSPECTION.TM_USER_AUTH (
					USER_AUTH_CODE,
					EMPLOYEE_NIK,
					USER_ROLE,
					LOCATION_CODE,
					REF_ROLE,
					INSERT_USER,
					INSERT_TIME,
					UPDATE_USER,
					UPDATE_TIME,
					DELETE_USER,
					DELETE_TIME
				) 
			VALUES (
				'TAC001080',
				'B1122410',
				'KEPALA_KEBUN',
				'4121',
				'BA-CODE',
				null,
				null,
				null,
				null,
				null,
				null
		))Insert SuccessInsert Failde: Error Code    : 1
Error Message : ORA-00001: unique constraint (MOBILE_INSPECTION.TM_USER_AUTH_PK) violated
Position      : 0
Statement     : INSERT INTO 
				MOBILE_INSPECTION.TM_USER_AUTH (
					USER_AUTH_CODE,
					EMPLOYEE_NIK,
					USER_ROLE,
					LOCATION_CODE,
					REF_ROLE,
					INSERT_USER,
					INSERT_TIME,
					UPDATE_USER,
					UPDATE_TIME,
					DELETE_USER,
					DELETE_TIME
				) 
			VALUES (
				'TAC001084',
				'B1122414',
				'KEPALA_KEBUN',
				'4121',
				'BA-CODE',
				null,
				null,
				null,
				null,
				null,
				null
		)
Bindings      : []
 (SQL: INSERT INTO 
				MOBILE_INSPECTION.TM_USER_AUTH (
					USER_AUTH_CODE,
					EMPLOYEE_NIK,
					USER_ROLE,
					LOCATION_CODE,
					REF_ROLE,
					INSERT_USER,
					INSERT_TIME,
					UPDATE_USER,
					UPDATE_TIME,
					DELETE_USER,
					DELETE_TIME
				) 
			VALUES (
				'TAC001084',
				'B1122414',
				'KEPALA_KEBUN',
				'4121',
				'BA-CODE',
				null,
				null,
				null,
				null,
				null,
				null
		))Insert SuccessInsert Failde: Error Code    : 1
Error Message : ORA-00001: unique constraint (MOBILE_INSPECTION.TM_USER_AUTH_PK) violated
Position      : 0
Statement     : INSERT INTO 
				MOBILE_INSPECTION.TM_USER_AUTH (
					USER_AUTH_CODE,
					EMPLOYEE_NIK,
					USER_ROLE,
					LOCATION_CODE,
					REF_ROLE,
					INSERT_USER,
					INSERT_TIME,
					UPDATE_USER,
					UPDATE_TIME,
					DELETE_USER,
					DELETE_TIME
				) 
			VALUES (
				'TAC001091',
				'B1122421',
				'KEPALA_KEBUN',
				'4121',
				'BA-CODE',
				null,
				null,
				null,
				null,
				null,
				null
		)
Bindings      : []
 (SQL: INSERT INTO 
				MOBILE_INSPECTION.TM_USER_AUTH (
					USER_AUTH_CODE,
					EMPLOYEE_NIK,
					USER_ROLE,
					LOCATION_CODE,
					REF_ROLE,
					INSERT_USER,
					INSERT_TIME,
					UPDATE_USER,
					UPDATE_TIME,
					DELETE_USER,
					DELETE_TIME
				) 
			VALUES (
				'TAC001091',
				'B1122421',
				'KEPALA_KEBUN',
				'4121',
				'BA-CODE',
				null,
				null,
				null,
				null,
				null,
				null
		))Insert SuccessInsert Failde: Error Code    : 1
Error Message : ORA-00001: unique constraint (MOBILE_INSPECTION.TM_USER_AUTH_PK) violated
Position      : 0
Statement     : INSERT INTO 
				MOBILE_INSPECTION.TM_USER_AUTH (
					USER_AUTH_CODE,
					EMPLOYEE_NIK,
					USER_ROLE,
					LOCATION_CODE,
					REF_ROLE,
					INSERT_USER,
					INSERT_TIME,
					UPDATE_USER,
					UPDATE_TIME,
					DELETE_USER,
					DELETE_TIME
				) 
			VALUES (
				'TAC001087',
				'B1122417',
				'KEPALA_KEBUN',
				'4121',
				'BA-CODE',
				null,
				null,
				null,
				null,
				null,
				null
		)
Bindings      : []
 (SQL: INSERT INTO 
				MOBILE_INSPECTION.TM_USER_AUTH (
					USER_AUTH_CODE,
					EMPLOYEE_NIK,
					USER_ROLE,
					LOCATION_CODE,
					REF_ROLE,
					INSERT_USER,
					INSERT_TIME,
					UPDATE_USER,
					UPDATE_TIME,
					DELETE_USER,
					DELETE_TIME
				) 
			VALUES (
				'TAC001087',
				'B1122417',
				'KEPALA_KEBUN',
				'4121',
				'BA-CODE',
				null,
				null,
				null,
				null,
				null,
				null
		))Insert SuccessInsert Failde: Error Code    : 1
Error Message : ORA-00001: unique constraint (MOBILE_INSPECTION.TM_USER_AUTH_PK) violated
Position      : 0
Statement     : INSERT INTO 
				MOBILE_INSPECTION.TM_USER_AUTH (
					USER_AUTH_CODE,
					EMPLOYEE_NIK,
					USER_ROLE,
					LOCATION_CODE,
					REF_ROLE,
					INSERT_USER,
					INSERT_TIME,
					UPDATE_USER,
					UPDATE_TIME,
					DELETE_USER,
					DELETE_TIME
				) 
			VALUES (
				'0006',
				'B1122427',
				'KEPALA_KEBUN',
				'4121',
				'BA-CODE',
				null,
				null,
				null,
				null,
				null,
				null
		)
Bindings      : []
 (SQL: INSERT INTO 
				MOBILE_INSPECTION.TM_USER_AUTH (
					USER_AUTH_CODE,
					EMPLOYEE_NIK,
					USER_ROLE,
					LOCATION_CODE,
					REF_ROLE,
					INSERT_USER,
					INSERT_TIME,
					UPDATE_USER,
					UPDATE_TIME,
					DELETE_USER,
					DELETE_TIME
				) 
			VALUES (
				'0006',
				'B1122427',
				'KEPALA_KEBUN',
				'4121',
				'BA-CODE',
				null,
				null,
				null,
				null,
				null,
				null
		))Insert SuccessInsert Failde: Error Code    : 1
Error Message : ORA-00001: unique constraint (MOBILE_INSPECTION.TM_USER_AUTH_PK) violated
Position      : 0
Statement     : INSERT INTO 
				MOBILE_INSPECTION.TM_USER_AUTH (
					USER_AUTH_CODE,
					EMPLOYEE_NIK,
					USER_ROLE,
					LOCATION_CODE,
					REF_ROLE,
					INSERT_USER,
					INSERT_TIME,
					UPDATE_USER,
					UPDATE_TIME,
					DELETE_USER,
					DELETE_TIME
				) 
			VALUES (
				'TAC001092',
				'B1122422',
				'KEPALA_KEBUN',
				'4121',
				'BA-CODE',
				null,
				null,
				null,
				null,
				null,
				null
		)
Bindings      : []
 (SQL: INSERT INTO 
				MOBILE_INSPECTION.TM_USER_AUTH (
					USER_AUTH_CODE,
					EMPLOYEE_NIK,
					USER_ROLE,
					LOCATION_CODE,
					REF_ROLE,
					INSERT_USER,
					INSERT_TIME,
					UPDATE_USER,
					UPDATE_TIME,
					DELETE_USER,
					DELETE_TIME
				) 
			VALUES (
				'TAC001092',
				'B1122422',
				'KEPALA_KEBUN',
				'4121',
				'BA-CODE',
				null,
				null,
				null,
				null,
				null,
				null
		))Insert SuccessInsert SuccessInsert Failde: Error Code    : 1
Error Message : ORA-00001: unique constraint (MOBILE_INSPECTION.TM_USER_AUTH_PK) violated
Position      : 0
Statement     : INSERT INTO 
				MOBILE_INSPECTION.TM_USER_AUTH (
					USER_AUTH_CODE,
					EMPLOYEE_NIK,
					USER_ROLE,
					LOCATION_CODE,
					REF_ROLE,
					INSERT_USER,
					INSERT_TIME,
					UPDATE_USER,
					UPDATE_TIME,
					DELETE_USER,
					DELETE_TIME
				) 
			VALUES (
				'TAC001093',
				'B1122423',
				'KEPALA_KEBUN',
				'4121',
				'BA-CODE',
				null,
				null,
				null,
				null,
				null,
				null
		)
Bindings      : []
 (SQL: INSERT INTO 
				MOBILE_INSPECTION.TM_USER_AUTH (
					USER_AUTH_CODE,
					EMPLOYEE_NIK,
					USER_ROLE,
					LOCATION_CODE,
					REF_ROLE,
					INSERT_USER,
					INSERT_TIME,
					UPDATE_USER,
					UPDATE_TIME,
					DELETE_USER,
					DELETE_TIME
				) 
			VALUES (
				'TAC001093',
				'B1122423',
				'KEPALA_KEBUN',
				'4121',
				'BA-CODE',
				null,
				null,
				null,
				null,
				null,
				null
		))Insert SuccessInsert Failde: Error Code    : 1
Error Message : ORA-00001: unique constraint (MOBILE_INSPECTION.TM_USER_AUTH_PK) violated
Position      : 0
Statement     : INSERT INTO 
				MOBILE_INSPECTION.TM_USER_AUTH (
					USER_AUTH_CODE,
					EMPLOYEE_NIK,
					USER_ROLE,
					LOCATION_CODE,
					REF_ROLE,
					INSERT_USER,
					INSERT_TIME,
					UPDATE_USER,
					UPDATE_TIME,
					DELETE_USER,
					DELETE_TIME
				) 
			VALUES (
				'TAC001089',
				'B1122419',
				'KEPALA_KEBUN',
				'4121',
				'BA-CODE',
				null,
				null,
				null,
				null,
				null,
				null
		)
Bindings      : []
 (SQL: INSERT INTO 
				MOBILE_INSPECTION.TM_USER_AUTH (
					USER_AUTH_CODE,
					EMPLOYEE_NIK,
					USER_ROLE,
					LOCATION_CODE,
					REF_ROLE,
					INSERT_USER,
					INSERT_TIME,
					UPDATE_USER,
					UPDATE_TIME,
					DELETE_USER,
					DELETE_TIME
				) 
			VALUES (
				'TAC001089',
				'B1122419',
				'KEPALA_KEBUN',
				'4121',
				'BA-CODE',
				null,
				null,
				null,
				null,
				null,
				null
		))Insert SuccessInsert SuccessInsert Failde: Error Code    : 1
Error Message : ORA-00001: unique constraint (MOBILE_INSPECTION.TM_USER_AUTH_PK) violated
Position      : 0
Statement     : INSERT INTO 
				MOBILE_INSPECTION.TM_USER_AUTH (
					USER_AUTH_CODE,
					EMPLOYEE_NIK,
					USER_ROLE,
					LOCATION_CODE,
					REF_ROLE,
					INSERT_USER,
					INSERT_TIME,
					UPDATE_USER,
					UPDATE_TIME,
					DELETE_USER,
					DELETE_TIME
				) 
			VALUES (
				'9997',
				'00002225',
				'EM',
				'4221,4131',
				'BA_CODE',
				null,
				null,
				null,
				null,
				null,
				null
		)
Bindings      : []
 (SQL: INSERT INTO 
				MOBILE_INSPECTION.TM_USER_AUTH (
					USER_AUTH_CODE,
					EMPLOYEE_NIK,
					USER_ROLE,
					LOCATION_CODE,
					REF_ROLE,
					INSERT_USER,
					INSERT_TIME,
					UPDATE_USER,
					UPDATE_TIME,
					DELETE_USER,
					DELETE_TIME
				) 
			VALUES (
				'9997',
				'00002225',
				'EM',
				'4221,4131',
				'BA_CODE',
				null,
				null,
				null,
				null,
				null,
				null
		))Insert SuccessInsert Failde: Error Code    : 1
Error Message : ORA-00001: unique constraint (MOBILE_INSPECTION.TM_USER_AUTH_PK) violated
Position      : 0
Statement     : INSERT INTO 
				MOBILE_INSPECTION.TM_USER_AUTH (
					USER_AUTH_CODE,
					EMPLOYEE_NIK,
					USER_ROLE,
					LOCATION_CODE,
					REF_ROLE,
					INSERT_USER,
					INSERT_TIME,
					UPDATE_USER,
					UPDATE_TIME,
					DELETE_USER,
					DELETE_TIME
				) 
			VALUES (
				'0117',
				'00009999',
				'EM',
				'43',
				'COMP_CODE',
				null,
				null,
				null,
				null,
				null,
				null
		)
Bindings      : []
 (SQL: INSERT INTO 
				MOBILE_INSPECTION.TM_USER_AUTH (
					USER_AUTH_CODE,
					EMPLOYEE_NIK,
					USER_ROLE,
					LOCATION_CODE,
					REF_ROLE,
					INSERT_USER,
					INSERT_TIME,
					UPDATE_USER,
					UPDATE_TIME,
					DELETE_USER,
					DELETE_TIME
				) 
			VALUES (
				'0117',
				'00009999',
				'EM',
				'43',
				'COMP_CODE',
				null,
				null,
				null,
				null,
				null,
				null
		))Insert SuccessInsert Failde: Error Code    : 1
Error Message : ORA-00001: unique constraint (MOBILE_INSPECTION.TM_USER_AUTH_PK) violated
Position      : 0
Statement     : INSERT INTO 
				MOBILE_INSPECTION.TM_USER_AUTH (
					USER_AUTH_CODE,
					EMPLOYEE_NIK,
					USER_ROLE,
					LOCATION_CODE,
					REF_ROLE,
					INSERT_USER,
					INSERT_TIME,
					UPDATE_USER,
					UPDATE_TIME,
					DELETE_USER,
					DELETE_TIME
				) 
			VALUES (
				'0005',
				'B1122428',
				'KEPALA_KEBUN',
				'4121',
				'BA-CODE',
				null,
				null,
				null,
				null,
				null,
				null
		)
Bindings      : []
 (SQL: INSERT INTO 
				MOBILE_INSPECTION.TM_USER_AUTH (
					USER_AUTH_CODE,
					EMPLOYEE_NIK,
					USER_ROLE,
					LOCATION_CODE,
					REF_ROLE,
					INSERT_USER,
					INSERT_TIME,
					UPDATE_USER,
					UPDATE_TIME,
					DELETE_USER,
					DELETE_TIME
				) 
			VALUES (
				'0005',
				'B1122428',
				'KEPALA_KEBUN',
				'4121',
				'BA-CODE',
				null,
				null,
				null,
				null,
				null,
				null
		))Insert SuccessInsert Failde: Error Code    : 1
Error Message : ORA-00001: unique constraint (MOBILE_INSPECTION.TM_USER_AUTH_PK) violated
Position      : 0
Statement     : INSERT INTO 
				MOBILE_INSPECTION.TM_USER_AUTH (
					USER_AUTH_CODE,
					EMPLOYEE_NIK,
					USER_ROLE,
					LOCATION_CODE,
					REF_ROLE,
					INSERT_USER,
					INSERT_TIME,
					UPDATE_USER,
					UPDATE_TIME,
					DELETE_USER,
					DELETE_TIME
				) 
			VALUES (
				'0125',
				'00001181',
				'KEPALA_KEBUN',
				'4122F,4121FG,4122G,4122K,4122N',
				'BA_CODE',
				null,
				null,
				null,
				null,
				null,
				null
		)
Bindings      : []
 (SQL: INSERT INTO 
				MOBILE_INSPECTION.TM_USER_AUTH (
					USER_AUTH_CODE,
					EMPLOYEE_NIK,
					USER_ROLE,
					LOCATION_CODE,
					REF_ROLE,
					INSERT_USER,
					INSERT_TIME,
					UPDATE_USER,
					UPDATE_TIME,
					DELETE_USER,
					DELETE_TIME
				) 
			VALUES (
				'0125',
				'00001181',
				'KEPALA_KEBUN',
				'4122F,4121FG,4122G,4122K,4122N',
				'BA_CODE',
				null,
				null,
				null,
				null,
				null,
				null
		))Insert SuccessInsert SuccessInsert Failde: Error Code    : 1
Error Message : ORA-00001: unique constraint (MOBILE_INSPECTION.TM_USER_AUTH_PK) violated
Position      : 0
Statement     : INSERT INTO 
				MOBILE_INSPECTION.TM_USER_AUTH (
					USER_AUTH_CODE,
					EMPLOYEE_NIK,
					USER_ROLE,
					LOCATION_CODE,
					REF_ROLE,
					INSERT_USER,
					INSERT_TIME,
					UPDATE_USER,
					UPDATE_TIME,
					DELETE_USER,
					DELETE_TIME
				) 
			VALUES (
				'0126',
				'00002763',
				'ADMIN',
				'41,21',
				'COMP_CODE',
				null,
				null,
				null,
				null,
				null,
				null
		)
Bindings      : []
 (SQL: INSERT INTO 
				MOBILE_INSPECTION.TM_USER_AUTH (
					USER_AUTH_CODE,
					EMPLOYEE_NIK,
					USER_ROLE,
					LOCATION_CODE,
					REF_ROLE,
					INSERT_USER,
					INSERT_TIME,
					UPDATE_USER,
					UPDATE_TIME,
					DELETE_USER,
					DELETE_TIME
				) 
			VALUES (
				'0126',
				'00002763',
				'ADMIN',
				'41,21',
				'COMP_CODE',
				null,
				null,
				null,
				null,
				null,
				null
		))Insert Failde: Error Code    : 1
Error Message : ORA-00001: unique constraint (MOBILE_INSPECTION.TM_USER_AUTH_PK) violated
Position      : 0
Statement     : INSERT INTO 
				MOBILE_INSPECTION.TM_USER_AUTH (
					USER_AUTH_CODE,
					EMPLOYEE_NIK,
					USER_ROLE,
					LOCATION_CODE,
					REF_ROLE,
					INSERT_USER,
					INSERT_TIME,
					UPDATE_USER,
					UPDATE_TIME,
					DELETE_USER,
					DELETE_TIME
				) 
			VALUES (
				'0122',
				'00000009',
				'CEO_REG',
				'04',
				'REGION_CODE',
				null,
				null,
				null,
				null,
				null,
				null
		)
Bindings      : []
 (SQL: INSERT INTO 
				MOBILE_INSPECTION.TM_USER_AUTH (
					USER_AUTH_CODE,
					EMPLOYEE_NIK,
					USER_ROLE,
					LOCATION_CODE,
					REF_ROLE,
					INSERT_USER,
					INSERT_TIME,
					UPDATE_USER,
					UPDATE_TIME,
					DELETE_USER,
					DELETE_TIME
				) 
			VALUES (
				'0122',
				'00000009',
				'CEO_REG',
				'04',
				'REGION_CODE',
				null,
				null,
				null,
				null,
				null,
				null
		))Insert SuccessInsert Failde: Error Code    : 1
Error Message : ORA-00001: unique constraint (MOBILE_INSPECTION.TM_USER_AUTH_PK) violated
Position      : 0
Statement     : INSERT INTO 
				MOBILE_INSPECTION.TM_USER_AUTH (
					USER_AUTH_CODE,
					EMPLOYEE_NIK,
					USER_ROLE,
					LOCATION_CODE,
					REF_ROLE,
					INSERT_USER,
					INSERT_TIME,
					UPDATE_USER,
					UPDATE_TIME,
					DELETE_USER,
					DELETE_TIME
				) 
			VALUES (
				'0127',
				'00000624',
				'EM',
				'4122',
				'BA_CODE',
				null,
				null,
				null,
				null,
				null,
				null
		)
Bindings      : []
 (SQL: INSERT INTO 
				MOBILE_INSPECTION.TM_USER_AUTH (
					USER_AUTH_CODE,
					EMPLOYEE_NIK,
					USER_ROLE,
					LOCATION_CODE,
					REF_ROLE,
					INSERT_USER,
					INSERT_TIME,
					UPDATE_USER,
					UPDATE_TIME,
					DELETE_USER,
					DELETE_TIME
				) 
			VALUES (
				'0127',
				'00000624',
				'EM',
				'4122',
				'BA_CODE',
				null,
				null,
				null,
				null,
				null,
				null
		))Insert SuccessInsert Failde: Error Code    : 1
Error Message : ORA-00001: unique constraint (MOBILE_INSPECTION.TM_USER_AUTH_PK) violated
Position      : 0
Statement     : INSERT INTO 
				MOBILE_INSPECTION.TM_USER_AUTH (
					USER_AUTH_CODE,
					EMPLOYEE_NIK,
					USER_ROLE,
					LOCATION_CODE,
					REF_ROLE,
					INSERT_USER,
					INSERT_TIME,
					UPDATE_USER,
					UPDATE_TIME,
					DELETE_USER,
					DELETE_TIME
				) 
			VALUES (
				'0134',
				'21/2141/0709/107',
				'ADMIN',
				'4121A',
				'AFD_CODE',
				null,
				null,
				null,
				null,
				null,
				null
		)
Bindings      : []
 (SQL: INSERT INTO 
				MOBILE_INSPECTION.TM_USER_AUTH (
					USER_AUTH_CODE,
					EMPLOYEE_NIK,
					USER_ROLE,
					LOCATION_CODE,
					REF_ROLE,
					INSERT_USER,
					INSERT_TIME,
					UPDATE_USER,
					UPDATE_TIME,
					DELETE_USER,
					DELETE_TIME
				) 
			VALUES (
				'0134',
				'21/2141/0709/107',
				'ADMIN',
				'4121A',
				'AFD_CODE',
				null,
				null,
				null,
				null,
				null,
				null
		))Insert SuccessInsert Failde: Error Code    : 1
Error Message : ORA-00001: unique constraint (MOBILE_INSPECTION.TM_USER_AUTH_PK) violated
Position      : 0
Statement     : INSERT INTO 
				MOBILE_INSPECTION.TM_USER_AUTH (
					USER_AUTH_CODE,
					EMPLOYEE_NIK,
					USER_ROLE,
					LOCATION_CODE,
					REF_ROLE,
					INSERT_USER,
					INSERT_TIME,
					UPDATE_USER,
					UPDATE_TIME,
					DELETE_USER,
					DELETE_TIME
				) 
			VALUES (
				'0129',
				'00002563',
				'ASISTEN_LAPANGAN',
				'4122M',
				'AFD_CODE',
				null,
				null,
				null,
				null,
				null,
				null
		)
Bindings      : []
 (SQL: INSERT INTO 
				MOBILE_INSPECTION.TM_USER_AUTH (
					USER_AUTH_CODE,
					EMPLOYEE_NIK,
					USER_ROLE,
					LOCATION_CODE,
					REF_ROLE,
					INSERT_USER,
					INSERT_TIME,
					UPDATE_USER,
					UPDATE_TIME,
					DELETE_USER,
					DELETE_TIME
				) 
			VALUES (
				'0129',
				'00002563',
				'ASISTEN_LAPANGAN',
				'4122M',
				'AFD_CODE',
				null,
				null,
				null,
				null,
				null,
				null
		))Insert SuccessInsert SuccessInsert SuccessInsert Failde: Error Code    : 1
Error Message : ORA-00001: unique constraint (MOBILE_INSPECTION.TM_USER_AUTH_PK) violated
Position      : 0
Statement     : INSERT INTO 
				MOBILE_INSPECTION.TM_USER_AUTH (
					USER_AUTH_CODE,
					EMPLOYEE_NIK,
					USER_ROLE,
					LOCATION_CODE,
					REF_ROLE,
					INSERT_USER,
					INSERT_TIME,
					UPDATE_USER,
					UPDATE_TIME,
					DELETE_USER,
					DELETE_TIME
				) 
			VALUES (
				'0131',
				'00002301',
				'ASISTEN_LAPANGAN',
				'4122O',
				'AFD_CODE',
				null,
				null,
				null,
				null,
				null,
				null
		)
Bindings      : []
 (SQL: INSERT INTO 
				MOBILE_INSPECTION.TM_USER_AUTH (
					USER_AUTH_CODE,
					EMPLOYEE_NIK,
					USER_ROLE,
					LOCATION_CODE,
					REF_ROLE,
					INSERT_USER,
					INSERT_TIME,
					UPDATE_USER,
					UPDATE_TIME,
					DELETE_USER,
					DELETE_TIME
				) 
			VALUES (
				'0131',
				'00002301',
				'ASISTEN_LAPANGAN',
				'4122O',
				'AFD_CODE',
				null,
				null,
				null,
				null,
				null,
				null
		))Insert SuccessInsert SuccessInsert Failde: Error Code    : 1
Error Message : ORA-00001: unique constraint (MOBILE_INSPECTION.TM_USER_AUTH_PK) violated
Position      : 0
Statement     : INSERT INTO 
				MOBILE_INSPECTION.TM_USER_AUTH (
					USER_AUTH_CODE,
					EMPLOYEE_NIK,
					USER_ROLE,
					LOCATION_CODE,
					REF_ROLE,
					INSERT_USER,
					INSERT_TIME,
					UPDATE_USER,
					UPDATE_TIME,
					DELETE_USER,
					DELETE_TIME
				) 
			VALUES (
				'0139',
				'00001203',
				'SEM_GM',
				'41,42',
				'COMP_CODE',
				null,
				null,
				null,
				null,
				null,
				null
		)
Bindings      : []
 (SQL: INSERT INTO 
				MOBILE_INSPECTION.TM_USER_AUTH (
					USER_AUTH_CODE,
					EMPLOYEE_NIK,
					USER_ROLE,
					LOCATION_CODE,
					REF_ROLE,
					INSERT_USER,
					INSERT_TIME,
					UPDATE_USER,
					UPDATE_TIME,
					DELETE_USER,
					DELETE_TIME
				) 
			VALUES (
				'0139',
				'00001203',
				'SEM_GM',
				'41,42',
				'COMP_CODE',
				null,
				null,
				null,
				null,
				null,
				null
		))Insert SuccessInsert Failde: Error Code    : 1
Error Message : ORA-00001: unique constraint (MOBILE_INSPECTION.TM_USER_AUTH_PK) violated
Position      : 0
Statement     : INSERT INTO 
				MOBILE_INSPECTION.TM_USER_AUTH (
					USER_AUTH_CODE,
					EMPLOYEE_NIK,
					USER_ROLE,
					LOCATION_CODE,
					REF_ROLE,
					INSERT_USER,
					INSERT_TIME,
					UPDATE_USER,
					UPDATE_TIME,
					DELETE_USER,
					DELETE_TIME
				) 
			VALUES (
				'0128',
				'00001464',
				'ASISTEN_LAPANGAN',
				'4122K',
				'AFD_CODE',
				null,
				null,
				null,
				null,
				null,
				null
		)
Bindings      : []
 (SQL: INSERT INTO 
				MOBILE_INSPECTION.TM_USER_AUTH (
					USER_AUTH_CODE,
					EMPLOYEE_NIK,
					USER_ROLE,
					LOCATION_CODE,
					REF_ROLE,
					INSERT_USER,
					INSERT_TIME,
					UPDATE_USER,
					UPDATE_TIME,
					DELETE_USER,
					DELETE_TIME
				) 
			VALUES (
				'0128',
				'00001464',
				'ASISTEN_LAPANGAN',
				'4122K',
				'AFD_CODE',
				null,
				null,
				null,
				null,
				null,
				null
		))Insert SuccessInsert Failde: Error Code    : 1
Error Message : ORA-00001: unique constraint (MOBILE_INSPECTION.TM_USER_AUTH_PK) violated
Position      : 0
Statement     : INSERT INTO 
				MOBILE_INSPECTION.TM_USER_AUTH (
					USER_AUTH_CODE,
					EMPLOYEE_NIK,
					USER_ROLE,
					LOCATION_CODE,
					REF_ROLE,
					INSERT_USER,
					INSERT_TIME,
					UPDATE_USER,
					UPDATE_TIME,
					DELETE_USER,
					DELETE_TIME
				) 
			VALUES (
				'0141',
				'00002192',
				'CEO_REG',
				'02,04',
				'REGION_CODE',
				null,
				null,
				null,
				null,
				null,
				null
		)
Bindings      : []
 (SQL: INSERT INTO 
				MOBILE_INSPECTION.TM_USER_AUTH (
					USER_AUTH_CODE,
					EMPLOYEE_NIK,
					USER_ROLE,
					LOCATION_CODE,
					REF_ROLE,
					INSERT_USER,
					INSERT_TIME,
					UPDATE_USER,
					UPDATE_TIME,
					DELETE_USER,
					DELETE_TIME
				) 
			VALUES (
				'0141',
				'00002192',
				'CEO_REG',
				'02,04',
				'REGION_CODE',
				null,
				null,
				null,
				null,
				null,
				null
		))Insert SuccessInsert SuccessInsert SuccessInsert SuccessInsert SuccessInsert SuccessInsert SuccessInsert SuccessInsert SuccessInsert SuccessInsert SuccessInsert SuccessInsert SuccessInsert SuccessInsert SuccessInsert SuccessInsert SuccessInsert SuccessInsert SuccessInsert SuccessInsert SuccessInsert SuccessInsert SuccessInsert SuccessInsert SuccessInsert SuccessInsert SuccessInsert SuccessInsert SuccessInsert SuccessInsert SuccessInsert SuccessInsert SuccessInsert SuccessInsert SuccessInsert SuccessInsert SuccessInsert SuccessInsert SuccessInsert SuccessInsert SuccessInsert SuccessInsert SuccessInsert SuccessInsert SuccessInsert SuccessInsert SuccessInsert SuccessInsert SuccessInsert SuccessInsert SuccessInsert SuccessInsert SuccessInsert SuccessInsert SuccessInsert SuccessInsert SuccessInsert SuccessInsert SuccessInsert SuccessInsert SuccessInsert SuccessInsert SuccessInsert SuccessInsert SuccessInsert SuccessInsert SuccessInsert SuccessInsert SuccessInsert SuccessInsert SuccessInsert SuccessInsert SuccessInsert SuccessInsert SuccessInsert SuccessInsert SuccessInsert SuccessInsert SuccessInsert SuccessInsert SuccessInsert SuccessInsert SuccessInsert SuccessInsert SuccessInsert SuccessInsert SuccessInsert SuccessInsert SuccessInsert SuccessInsert SuccessInsert SuccessInsert SuccessInsert SuccessInsert SuccessInsert SuccessInsert SuccessInsert SuccessInsert SuccessInsert SuccessInsert SuccessInsert SuccessInsert SuccessInsert SuccessInsert SuccessInsert SuccessInsert SuccessInsert SuccessInsert SuccessInsert SuccessInsert SuccessInsert SuccessInsert SuccessInsert SuccessInsert SuccessInsert SuccessInsert SuccessInsert SuccessInsert SuccessInsert SuccessInsert SuccessInsert SuccessInsert SuccessInsert SuccessInsert SuccessInsert SuccessInsert SuccessInsert SuccessInsert SuccessInsert SuccessInsert SuccessInsert SuccessInsert SuccessInsert SuccessInsert SuccessInsert SuccessInsert SuccessInsert SuccessInsert SuccessInsert SuccessInsert SuccessInsert SuccessInsert SuccessInsert SuccessInsert SuccessInsert SuccessInsert SuccessInsert SuccessInsert SuccessInsert SuccessInsert SuccessInsert SuccessInsert SuccessInsert SuccessInsert SuccessInsert SuccessInsert SuccessInsert SuccessInsert SuccessInsert SuccessInsert SuccessInsert SuccessInsert SuccessInsert SuccessInsert SuccessInsert SuccessInsert SuccessInsert SuccessInsert SuccessInsert SuccessInsert SuccessInsert SuccessInsert SuccessInsert SuccessInsert SuccessInsert SuccessInsert SuccessInsert SuccessInsert SuccessInsert SuccessInsert SuccessInsert SuccessInsert SuccessInsert SuccessInsert SuccessInsert SuccessInsert SuccessInsert SuccessInsert SuccessInsert SuccessInsert SuccessInsert SuccessInsert SuccessInsert SuccessInsert SuccessInsert SuccessInsert SuccessInsert SuccessInsert SuccessInsert SuccessInsert SuccessInsert SuccessInsert SuccessInsert SuccessInsert SuccessInsert SuccessInsert SuccessInsert SuccessInsert SuccessInsert SuccessInsert SuccessInsert SuccessInsert SuccessInsert SuccessInsert SuccessInsert SuccessInsert SuccessInsert SuccessInsert SuccessInsert SuccessInsert SuccessInsert SuccessInsert SuccessInsert SuccessInsert SuccessInsert SuccessInsert SuccessInsert SuccessInsert SuccessInsert SuccessInsert SuccessInsert SuccessInsert SuccessInsert SuccessInsert SuccessInsert SuccessInsert SuccessInsert SuccessInsert SuccessInsert SuccessInsert SuccessInsert SuccessInsert SuccessInsert SuccessInsert SuccessInsert SuccessInsert SuccessInsert SuccessInsert SuccessInsert SuccessInsert SuccessInsert SuccessInsert SuccessInsert SuccessInsert SuccessInsert SuccessInsert SuccessInsert SuccessInsert SuccessInsert SuccessInsert SuccessInsert SuccessInsert SuccessInsert SuccessInsert SuccessInsert SuccessInsert SuccessInsert SuccessInsert SuccessInsert SuccessInsert SuccessInsert SuccessInsert SuccessInsert SuccessInsert SuccessInsert SuccessInsert SuccessInsert SuccessInsert SuccessInsert SuccessInsert SuccessInsert SuccessInsert SuccessInsert SuccessInsert SuccessInsert SuccessInsert SuccessInsert SuccessInsert SuccessInsert SuccessInsert SuccessInsert SuccessInsert SuccessInsert SuccessInsert SuccessInsert SuccessInsert SuccessInsert SuccessInsert SuccessInsert SuccessInsert SuccessInsert SuccessInsert SuccessInsert SuccessInsert SuccessInsert SuccessInsert SuccessInsert SuccessInsert SuccessInsert SuccessInsert SuccessInsert SuccessInsert SuccessInsert SuccessInsert SuccessInsert SuccessInsert SuccessInsert SuccessInsert SuccessInsert SuccessInsert SuccessInsert SuccessInsert SuccessInsert SuccessInsert SuccessInsert SuccessInsert SuccessInsert SuccessInsert SuccessInsert SuccessInsert SuccessInsert SuccessInsert SuccessInsert SuccessInsert SuccessInsert SuccessInsert SuccessInsert SuccessInsert SuccessInsert SuccessInsert SuccessInsert SuccessInsert SuccessInsert SuccessInsert SuccessInsert SuccessInsert SuccessInsert SuccessInsert SuccessInsert SuccessInsert SuccessInsert SuccessInsert SuccessInsert SuccessInsert SuccessInsert SuccessInsert SuccessInsert SuccessInsert SuccessInsert SuccessInsert SuccessInsert SuccessInsert SuccessInsert SuccessInsert SuccessInsert SuccessInsert SuccessInsert SuccessInsert SuccessInsert SuccessInsert SuccessInsert SuccessInsert SuccessInsert SuccessInsert SuccessInsert SuccessInsert SuccessInsert SuccessInsert SuccessInsert SuccessInsert SuccessInsert SuccessInsert SuccessInsert SuccessInsert SuccessInsert SuccessInsert SuccessInsert SuccessInsert SuccessInsert SuccessInsert SuccessInsert SuccessInsert SuccessInsert SuccessInsert SuccessInsert SuccessInsert SuccessInsert SuccessInsert SuccessInsert SuccessInsert SuccessInsert SuccessInsert SuccessInsert SuccessInsert SuccessInsert SuccessInsert SuccessInsert SuccessInsert SuccessInsert SuccessInsert SuccessInsert SuccessInsert SuccessInsert SuccessInsert SuccessInsert SuccessInsert SuccessInsert SuccessInsert SuccessInsert SuccessInsert SuccessInsert SuccessInsert SuccessInsert SuccessInsert SuccessInsert SuccessInsert SuccessInsert SuccessInsert SuccessInsert SuccessInsert SuccessInsert SuccessInsert SuccessInsert SuccessInsert SuccessInsert SuccessInsert SuccessInsert SuccessInsert SuccessInsert SuccessInsert SuccessInsert SuccessInsert SuccessInsert SuccessInsert SuccessInsert SuccessInsert SuccessInsert SuccessInsert SuccessInsert SuccessInsert SuccessInsert SuccessInsert SuccessInsert SuccessInsert SuccessInsert SuccessInsert SuccessInsert SuccessInsert SuccessInsert SuccessInsert SuccessInsert SuccessInsert SuccessInsert SuccessInsert SuccessInsert SuccessInsert SuccessInsert SuccessInsert SuccessInsert SuccessInsert SuccessInsert SuccessInsert SuccessInsert SuccessInsert SuccessInsert SuccessInsert SuccessInsert SuccessInsert SuccessInsert SuccessInsert SuccessInsert SuccessInsert SuccessInsert SuccessInsert SuccessInsert SuccessInsert SuccessInsert SuccessInsert SuccessInsert SuccessInsert SuccessInsert SuccessInsert SuccessInsert SuccessInsert SuccessInsert SuccessInsert SuccessInsert SuccessInsert SuccessInsert SuccessInsert SuccessInsert SuccessInsert SuccessInsert SuccessInsert SuccessInsert SuccessInsert SuccessInsert SuccessInsert SuccessInsert SuccessInsert SuccessInsert SuccessInsert SuccessInsert SuccessInsert SuccessInsert SuccessInsert SuccessInsert SuccessInsert SuccessInsert SuccessInsert SuccessInsert SuccessInsert SuccessInsert SuccessInsert SuccessInsert SuccessInsert SuccessInsert SuccessInsert SuccessInsert SuccessInsert SuccessInsert SuccessInsert SuccessInsert SuccessInsert SuccessInsert SuccessInsert SuccessInsert SuccessInsert SuccessInsert SuccessInsert SuccessInsert SuccessInsert SuccessInsert SuccessInsert SuccessInsert SuccessInsert SuccessInsert SuccessInsert SuccessInsert SuccessInsert SuccessInsert SuccessInsert SuccessInsert SuccessInsert SuccessInsert SuccessInsert SuccessInsert SuccessInsert SuccessInsert SuccessInsert SuccessInsert SuccessInsert SuccessInsert SuccessInsert SuccessInsert SuccessInsert SuccessInsert SuccessInsert SuccessInsert SuccessInsert SuccessInsert SuccessInsert SuccessInsert SuccessInsert SuccessInsert SuccessInsert SuccessInsert SuccessInsert SuccessInsert SuccessInsert SuccessInsert SuccessInsert SuccessInsert SuccessInsert SuccessInsert SuccessInsert SuccessInsert SuccessInsert SuccessInsert SuccessInsert SuccessInsert SuccessInsert SuccessInsert SuccessInsert SuccessInsert SuccessInsert SuccessInsert SuccessInsert SuccessInsert SuccessInsert SuccessInsert SuccessInsert SuccessInsert SuccessInsert SuccessInsert SuccessInsert SuccessInsert SuccessInsert SuccessInsert SuccessInsert SuccessInsert SuccessInsert SuccessInsert SuccessInsert SuccessInsert SuccessInsert SuccessInsert SuccessInsert SuccessInsert SuccessInsert SuccessInsert SuccessInsert SuccessInsert SuccessInsert SuccessInsert SuccessInsert SuccessInsert SuccessInsert SuccessInsert SuccessInsert SuccessInsert SuccessInsert SuccessInsert SuccessInsert SuccessInsert SuccessInsert SuccessInsert SuccessInsert SuccessInsert SuccessInsert SuccessInsert SuccessInsert SuccessInsert SuccessInsert SuccessInsert SuccessInsert SuccessInsert SuccessInsert SuccessInsert SuccessInsert SuccessInsert SuccessInsert SuccessInsert SuccessInsert SuccessInsert SuccessInsert SuccessInsert SuccessInsert SuccessInsert SuccessInsert SuccessInsert SuccessInsert SuccessInsert SuccessInsert SuccessInsert SuccessInsert SuccessInsert SuccessInsert SuccessInsert SuccessInsert SuccessInsert SuccessInsert SuccessInsert SuccessInsert SuccessInsert SuccessInsert SuccessInsert SuccessInsert SuccessInsert SuccessInsert SuccessInsert SuccessInsert SuccessInsert SuccessInsert SuccessInsert SuccessInsert SuccessInsert SuccessInsert SuccessInsert SuccessInsert SuccessInsert SuccessInsert SuccessInsert SuccessInsert SuccessInsert SuccessInsert SuccessInsert SuccessInsert SuccessInsert SuccessInsert SuccessInsert SuccessInsert SuccessInsert SuccessInsert SuccessInsert SuccessInsert SuccessInsert SuccessInsert SuccessInsert SuccessInsert SuccessInsert SuccessInsert SuccessInsert SuccessInsert SuccessInsert SuccessInsert SuccessInsert SuccessInsert SuccessInsert SuccessInsert SuccessInsert SuccessInsert SuccessInsert SuccessInsert SuccessInsert SuccessInsert SuccessInsert SuccessInsert SuccessInsert SuccessInsert SuccessInsert SuccessInsert SuccessInsert SuccessInsert SuccessInsert SuccessInsert SuccessInsert SuccessInsert SuccessInsert SuccessInsert SuccessInsert SuccessInsert SuccessInsert SuccessInsert SuccessInsert SuccessInsert SuccessInsert SuccessInsert SuccessInsert SuccessInsert SuccessInsert SuccessInsert SuccessInsert SuccessInsert SuccessInsert SuccessInsert SuccessInsert SuccessInsert SuccessInsert SuccessInsert SuccessInsert SuccessInsert SuccessInsert SuccessInsert SuccessInsert SuccessInsert SuccessInsert SuccessInsert SuccessInsert SuccessInsert SuccessInsert SuccessInsert SuccessInsert SuccessInsert SuccessInsert SuccessInsert SuccessInsert SuccessInsert SuccessInsert SuccessInsert SuccessInsert SuccessInsert SuccessInsert SuccessInsert SuccessInsert SuccessInsert SuccessInsert SuccessInsert SuccessInsert SuccessInsert SuccessInsert SuccessInsert SuccessInsert SuccessInsert SuccessInsert SuccessInsert SuccessInsert SuccessInsert SuccessInsert SuccessInsert SuccessInsert SuccessInsert SuccessInsert SuccessInsert SuccessInsert SuccessInsert SuccessInsert SuccessInsert SuccessInsert SuccessInsert SuccessInsert SuccessInsert SuccessInsert SuccessInsert SuccessInsert SuccessInsert SuccessInsert SuccessInsert SuccessInsert SuccessInsert SuccessInsert SuccessInsert SuccessInsert SuccessInsert SuccessInsert SuccessInsert SuccessInsert SuccessInsert SuccessInsert SuccessInsert SuccessInsert SuccessInsert SuccessInsert SuccessInsert SuccessInsert SuccessInsert SuccessInsert SuccessInsert SuccessInsert SuccessInsert SuccessInsert SuccessInsert SuccessInsert SuccessInsert SuccessInsert SuccessInsert SuccessInsert SuccessInsert SuccessInsert SuccessInsert SuccessInsert SuccessInsert SuccessInsert SuccessInsert SuccessInsert SuccessInsert SuccessInsert SuccessInsert SuccessInsert SuccessInsert SuccessInsert SuccessInsert SuccessInsert SuccessInsert SuccessInsert SuccessInsert SuccessInsert SuccessInsert SuccessInsert SuccessInsert SuccessInsert SuccessInsert SuccessInsert SuccessInsert SuccessInsert SuccessInsert SuccessInsert SuccessInsert SuccessInsert SuccessInsert SuccessInsert SuccessInsert SuccessInsert SuccessInsert SuccessInsert SuccessInsert SuccessInsert SuccessInsert SuccessInsert SuccessInsert SuccessInsert SuccessInsert SuccessInsert SuccessInsert SuccessInsert SuccessInsert SuccessInsert SuccessInsert SuccessInsert SuccessInsert SuccessInsert SuccessInsert SuccessInsert SuccessInsert SuccessInsert SuccessInsert SuccessInsert SuccessInsert SuccessInsert SuccessInsert SuccessInsert SuccessInsert SuccessInsert SuccessInsert SuccessInsert SuccessInsert SuccessInsert SuccessInsert SuccessInsert SuccessInsert SuccessInsert SuccessInsert SuccessInsert SuccessInsert SuccessInsert SuccessInsert SuccessInsert SuccessInsert SuccessInsert SuccessInsert SuccessInsert SuccessInsert SuccessInsert SuccessInsert SuccessInsert SuccessInsert SuccessInsert SuccessInsert SuccessInsert SuccessInsert SuccessInsert SuccessInsert SuccessInsert SuccessInsert SuccessInsert SuccessInsert SuccessInsert SuccessInsert SuccessInsert SuccessInsert SuccessInsert SuccessInsert SuccessInsert SuccessInsert SuccessInsert SuccessInsert SuccessInsert SuccessInsert SuccessInsert SuccessInsert SuccessInsert SuccessInsert SuccessInsert SuccessInsert SuccessInsert SuccessInsert SuccessInsert SuccessInsert SuccessInsert SuccessInsert SuccessInsert SuccessInsert SuccessInsert SuccessInsert SuccessInsert SuccessInsert SuccessInsert SuccessInsert SuccessInsert SuccessInsert SuccessInsert SuccessInsert SuccessInsert SuccessInsert SuccessInsert SuccessInsert SuccessInsert SuccessInsert SuccessInsert SuccessInsert SuccessInsert SuccessInsert SuccessInsert SuccessInsert SuccessInsert SuccessInsert SuccessInsert SuccessInsert SuccessInsert SuccessInsert SuccessInsert SuccessInsert SuccessInsert SuccessInsert SuccessInsert SuccessInsert SuccessInsert SuccessInsert SuccessInsert SuccessInsert SuccessInsert SuccessInsert SuccessInsert SuccessInsert SuccessInsert SuccessInsert SuccessInsert SuccessInsert SuccessInsert SuccessInsert SuccessInsert SuccessInsert SuccessInsert SuccessInsert SuccessInsert SuccessInsert SuccessInsert SuccessInsert SuccessInsert SuccessInsert SuccessInsert SuccessInsert SuccessInsert SuccessInsert SuccessInsert SuccessInsert SuccessInsert SuccessInsert SuccessInsert SuccessInsert SuccessInsert SuccessInsert SuccessInsert SuccessInsert SuccessInsert SuccessInsert SuccessInsert SuccessInsert SuccessInsert SuccessInsert SuccessInsert SuccessInsert SuccessInsert SuccessInsert SuccessInsert SuccessInsert SuccessInsert SuccessInsert SuccessInsert SuccessInsert SuccessInsert SuccessInsert SuccessInsert SuccessInsert SuccessInsert SuccessInsert SuccessInsert SuccessInsert SuccessInsert SuccessInsert SuccessInsert SuccessInsert SuccessInsert SuccessInsert SuccessInsert SuccessInsert SuccessInsert SuccessInsert SuccessInsert SuccessInsert SuccessInsert SuccessInsert SuccessInsert SuccessInsert SuccessInsert SuccessInsert SuccessInsert SuccessInsert SuccessInsert SuccessInsert SuccessInsert SuccessInsert SuccessInsert SuccessInsert SuccessInsert SuccessInsert SuccessInsert SuccessInsert SuccessInsert SuccessInsert SuccessInsert SuccessInsert SuccessInsert SuccessInsert SuccessInsert SuccessInsert SuccessInsert SuccessInsert SuccessInsert SuccessInsert SuccessInsert SuccessInsert SuccessInsert SuccessInsert SuccessInsert SuccessInsert SuccessInsert SuccessInsert SuccessInsert SuccessInsert SuccessInsert SuccessInsert SuccessInsert SuccessInsert SuccessInsert SuccessInsert SuccessInsert SuccessInsert SuccessInsert SuccessInsert SuccessInsert SuccessInsert SuccessInsert SuccessInsert SuccessInsert SuccessInsert SuccessInsert SuccessInsert SuccessInsert SuccessInsert SuccessInsert SuccessInsert SuccessInsert SuccessInsert SuccessInsert SuccessInsert SuccessInsert SuccessInsert SuccessInsert SuccessInsert SuccessInsert SuccessInsert SuccessInsert SuccessInsert SuccessInsert SuccessInsert SuccessInsert SuccessInsert SuccessInsert SuccessInsert SuccessInsert SuccessInsert SuccessInsert SuccessInsert SuccessInsert SuccessInsert SuccessInsert SuccessInsert SuccessInsert SuccessInsert SuccessInsert SuccessInsert SuccessInsert SuccessInsert SuccessInsert SuccessInsert SuccessInsert SuccessInsert SuccessInsert SuccessInsert SuccessInsert SuccessInsert SuccessInsert SuccessInsert SuccessInsert SuccessInsert SuccessInsert SuccessInsert SuccessInsert SuccessInsert SuccessInsert SuccessInsert SuccessInsert SuccessInsert SuccessInsert SuccessInsert SuccessInsert SuccessInsert SuccessInsert SuccessInsert SuccessInsert SuccessInsert SuccessInsert SuccessInsert SuccessInsert SuccessInsert SuccessInsert SuccessInsert SuccessInsert SuccessInsert SuccessInsert SuccessInsert SuccessInsert SuccessInsert SuccessInsert SuccessInsert SuccessInsert SuccessInsert SuccessInsert SuccessInsert SuccessInsert SuccessInsert SuccessInsert SuccessInsert SuccessInsert SuccessInsert SuccessInsert SuccessInsert SuccessInsert SuccessInsert SuccessInsert SuccessInsert SuccessInsert SuccessInsert SuccessInsert SuccessInsert SuccessInsert SuccessInsert SuccessInsert SuccessInsert SuccessInsert SuccessInsert SuccessInsert SuccessInsert SuccessInsert SuccessInsert SuccessInsert SuccessInsert SuccessInsert SuccessInsert SuccessInsert SuccessInsert SuccessInsert SuccessInsert SuccessInsert SuccessInsert SuccessInsert SuccessInsert SuccessInsert SuccessInsert SuccessInsert SuccessInsert SuccessInsert SuccessInsert SuccessInsert SuccessInsert SuccessInsert SuccessInsert SuccessInsert SuccessInsert SuccessInsert SuccessInsert SuccessInsert SuccessInsert SuccessInsert SuccessInsert SuccessInsert SuccessInsert SuccessInsert SuccessInsert SuccessInsert SuccessInsert SuccessInsert SuccessInsert SuccessInsert SuccessInsert SuccessInsert SuccessInsert SuccessInsert SuccessInsert SuccessInsert SuccessInsert SuccessInsert SuccessInsert SuccessInsert SuccessInsert SuccessInsert SuccessInsert SuccessInsert SuccessInsert SuccessInsert SuccessInsert SuccessInsert SuccessInsert SuccessInsert SuccessInsert SuccessInsert SuccessInsert SuccessInsert SuccessInsert SuccessInsert SuccessInsert SuccessInsert SuccessInsert SuccessInsert SuccessInsert SuccessInsert SuccessInsert SuccessInsert SuccessInsert SuccessInsert SuccessInsert SuccessInsert SuccessInsert SuccessInsert SuccessInsert SuccessInsert SuccessInsert SuccessInsert SuccessInsert SuccessInsert SuccessInsert SuccessInsert SuccessInsert SuccessInsert SuccessInsert SuccessInsert SuccessInsert SuccessInsert SuccessInsert SuccessInsert SuccessInsert SuccessInsert SuccessInsert SuccessInsert SuccessInsert SuccessInsert SuccessInsert SuccessInsert SuccessInsert SuccessInsert SuccessInsert SuccessInsert SuccessInsert SuccessInsert SuccessInsert SuccessInsert SuccessInsert SuccessInsert SuccessInsert SuccessInsert SuccessInsert SuccessInsert SuccessInsert SuccessInsert SuccessInsert SuccessInsert SuccessInsert SuccessInsert SuccessInsert SuccessInsert SuccessInsert SuccessInsert SuccessInsert SuccessInsert SuccessInsert SuccessInsert SuccessInsert SuccessInsert SuccessInsert SuccessInsert SuccessInsert SuccessInsert SuccessInsert SuccessInsert SuccessInsert SuccessInsert SuccessInsert Success